  ZenScriptTest.cpp
C:\projects\Starlight3D\ZenScriptTest\ZenScriptTest\ZenScriptTest.cpp(25,60): error C2661: 'ZContextVar::ZContextVar': no overloaded function takes 2 arguments
C:\projects\Starlight3D\ZenScriptTest\ZenScriptTest\ZenScriptTest.cpp(65,76): error C2661: 'ZContextVar::ZContextVar': no overloaded function takes 2 arguments
C:\projects\Starlight3D\ZenScriptTest\ZenScriptTest\ZenScriptTest.cpp(78,54): error C2661: 'ZContextVar::ZContextVar': no overloaded function takes 2 arguments
C:\projects\Starlight3D\ZenScriptTest\ZenScriptTest\ZenScriptTest.cpp(79,54): error C2661: 'ZContextVar::ZContextVar': no overloaded function takes 2 arguments
C:\projects\Starlight3D\ZenScriptTest\ZenScriptTest\ZenScriptTest.cpp(80,9): error C3536: 'par_a': cannot be used before it is initialized
C:\projects\Starlight3D\ZenScriptTest\ZenScriptTest\ZenScriptTest.cpp(81,9): error C3536: 'par_b': cannot be used before it is initialized
